[21-Jul-2016 06:02:18 UTC] PHP Parse error:  syntax error, unexpected '}' in /home/ubuntu/workspace/myweb/manage/movie.php on line 76
[21-Jul-2016 06:02:44 UTC] PHP Fatal error:  Call to undefined function addmovie() in /home/ubuntu/workspace/myweb/manage/addmovie.php on line 3
[21-Jul-2016 06:02:44 UTC] PHP Stack trace:
[21-Jul-2016 06:02:44 UTC] PHP   1. {main}() /home/ubuntu/workspace/myweb/manage/movie.php:0
[21-Jul-2016 06:02:44 UTC] PHP   2. include() /home/ubuntu/workspace/myweb/manage/movie.php:41
[21-Jul-2016 06:04:36 UTC] PHP Fatal error:  Call to undefined function addmovie() in /home/ubuntu/workspace/myweb/manage/addmovie.php on line 3
[21-Jul-2016 06:04:36 UTC] PHP Stack trace:
[21-Jul-2016 06:04:36 UTC] PHP   1. {main}() /home/ubuntu/workspace/myweb/manage/movie.php:0
[21-Jul-2016 06:04:36 UTC] PHP   2. require() /home/ubuntu/workspace/myweb/manage/movie.php:41
[21-Jul-2016 06:05:13 UTC] PHP Fatal error:  Call to undefined function addmovie() in /home/ubuntu/workspace/myweb/manage/addmovie.php on line 3
[21-Jul-2016 06:05:13 UTC] PHP Stack trace:
[21-Jul-2016 06:05:13 UTC] PHP   1. {main}() /home/ubuntu/workspace/myweb/manage/addmovie.php:0
[21-Jul-2016 06:05:41 UTC] PHP Fatal error:  Call to undefined function addmovie() in /home/ubuntu/workspace/myweb/manage/addmovie.php on line 3
[21-Jul-2016 06:05:41 UTC] PHP Stack trace:
[21-Jul-2016 06:05:41 UTC] PHP   1. {main}() /home/ubuntu/workspace/myweb/manage/addmovie.php:0
[21-Jul-2016 06:05:43 UTC] PHP Fatal error:  Call to undefined function addmovie() in /home/ubuntu/workspace/myweb/manage/addmovie.php on line 3
[21-Jul-2016 06:05:43 UTC] PHP Stack trace:
[21-Jul-2016 06:05:43 UTC] PHP   1. {main}() /home/ubuntu/workspace/myweb/manage/addmovie.php:0
[21-Jul-2016 06:06:03 UTC] PHP Fatal error:  Call to undefined function addmovie() in /home/ubuntu/workspace/myweb/manage/addmovie.php on line 3
[21-Jul-2016 06:06:03 UTC] PHP Stack trace:
[21-Jul-2016 06:06:03 UTC] PHP   1. {main}() /home/ubuntu/workspace/myweb/manage/addmovie.php:0
[21-Jul-2016 06:30:50 UTC] PHP Fatal error:  Cannot redeclare addmovie() (previously declared in /home/ubuntu/workspace/myweb/manage/manageadd.php:4) in /home/ubuntu/workspace/myweb/manage/manageadd.php on line 4
[21-Jul-2016 06:30:50 UTC] PHP Stack trace:
[21-Jul-2016 06:30:50 UTC] PHP   1. {main}() /home/ubuntu/workspace/myweb/manage/movie.php:0
[21-Jul-2016 06:30:50 UTC] PHP   2. require() /home/ubuntu/workspace/myweb/manage/movie.php:36
[21-Jul-2016 06:31:54 UTC] PHP Fatal error:  Cannot redeclare addmovie() (previously declared in /home/ubuntu/workspace/myweb/manage/manageadd.php:4) in /home/ubuntu/workspace/myweb/manage/manageadd.php on line 4
[21-Jul-2016 06:31:54 UTC] PHP Stack trace:
[21-Jul-2016 06:31:54 UTC] PHP   1. {main}() /home/ubuntu/workspace/myweb/manage/movie.php:0
[21-Jul-2016 06:31:54 UTC] PHP   2. require() /home/ubuntu/workspace/myweb/manage/movie.php:37
[21-Jul-2016 06:32:46 UTC] PHP Warning:  require(/addmovie.php): failed to open stream: No such file or directory in /home/ubuntu/workspace/myweb/manage/movie.php on line 37
[21-Jul-2016 06:32:46 UTC] PHP Stack trace:
[21-Jul-2016 06:32:46 UTC] PHP   1. {main}() /home/ubuntu/workspace/myweb/manage/movie.php:0
[21-Jul-2016 06:32:46 UTC] PHP Fatal error:  require(): Failed opening required '/addmovie.php' (include_path='.:/usr/share/php:/usr/share/pear') in /home/ubuntu/workspace/myweb/manage/movie.php on line 37
[21-Jul-2016 06:32:46 UTC] PHP Stack trace:
[21-Jul-2016 06:32:46 UTC] PHP   1. {main}() /home/ubuntu/workspace/myweb/manage/movie.php:0
[21-Jul-2016 06:32:46 UTC] PHP Warning:  require(/addmovie.php): failed to open stream: No such file or directory in /home/ubuntu/workspace/myweb/manage/movie.php on line 37
[21-Jul-2016 06:32:46 UTC] PHP Stack trace:
[21-Jul-2016 06:32:46 UTC] PHP   1. {main}() /home/ubuntu/workspace/myweb/manage/movie.php:0
[21-Jul-2016 06:32:46 UTC] PHP Fatal error:  require(): Failed opening required '/addmovie.php' (include_path='.:/usr/share/php:/usr/share/pear') in /home/ubuntu/workspace/myweb/manage/movie.php on line 37
[21-Jul-2016 06:32:46 UTC] PHP Stack trace:
[21-Jul-2016 06:32:46 UTC] PHP   1. {main}() /home/ubuntu/workspace/myweb/manage/movie.php:0
[21-Jul-2016 06:32:52 UTC] PHP Fatal error:  Cannot redeclare addmovie() (previously declared in /home/ubuntu/workspace/myweb/manage/manageadd.php:4) in /home/ubuntu/workspace/myweb/manage/manageadd.php on line 4
[21-Jul-2016 06:32:52 UTC] PHP Stack trace:
[21-Jul-2016 06:32:52 UTC] PHP   1. {main}() /home/ubuntu/workspace/myweb/manage/movie.php:0
[21-Jul-2016 06:32:52 UTC] PHP   2. require() /home/ubuntu/workspace/myweb/manage/movie.php:37
[21-Jul-2016 06:34:30 UTC] PHP Fatal error:  Cannot redeclare addmovie() (previously declared in /home/ubuntu/workspace/myweb/manage/manageadd.php:4) in /home/ubuntu/workspace/myweb/manage/manageadd.php on line 4
[21-Jul-2016 06:34:30 UTC] PHP Stack trace:
[21-Jul-2016 06:34:30 UTC] PHP   1. {main}() /home/ubuntu/workspace/myweb/manage/movie.php:0
[21-Jul-2016 06:34:30 UTC] PHP   2. include() /home/ubuntu/workspace/myweb/manage/movie.php:36
[21-Jul-2016 06:35:31 UTC] PHP Fatal error:  Cannot redeclare addmovie() (previously declared in /home/ubuntu/workspace/myweb/manage/manageadd.php:4) in /home/ubuntu/workspace/myweb/manage/manageadd.php on line 4
[21-Jul-2016 06:35:31 UTC] PHP Stack trace:
[21-Jul-2016 06:35:31 UTC] PHP   1. {main}() /home/ubuntu/workspace/myweb/manage/movie.php:0
[21-Jul-2016 06:35:31 UTC] PHP   2. include() /home/ubuntu/workspace/myweb/manage/movie.php:36
[21-Jul-2016 06:35:32 UTC] PHP Fatal error:  Cannot redeclare addmovie() (previously declared in /home/ubuntu/workspace/myweb/manage/manageadd.php:4) in /home/ubuntu/workspace/myweb/manage/manageadd.php on line 4
[21-Jul-2016 06:35:32 UTC] PHP Stack trace:
[21-Jul-2016 06:35:32 UTC] PHP   1. {main}() /home/ubuntu/workspace/myweb/manage/movie.php:0
[21-Jul-2016 06:35:32 UTC] PHP   2. include() /home/ubuntu/workspace/myweb/manage/movie.php:36
[21-Jul-2016 06:36:09 UTC] PHP Fatal error:  Cannot redeclare addmovie() (previously declared in /home/ubuntu/workspace/myweb/manage/manageadd.php:4) in /home/ubuntu/workspace/myweb/manage/manageadd.php on line 4
[21-Jul-2016 06:36:09 UTC] PHP Stack trace:
[21-Jul-2016 06:36:09 UTC] PHP   1. {main}() /home/ubuntu/workspace/myweb/manage/movie.php:0
[21-Jul-2016 06:36:09 UTC] PHP   2. include() /home/ubuntu/workspace/myweb/manage/movie.php:36
[21-Jul-2016 06:36:11 UTC] PHP Fatal error:  Cannot redeclare addmovie() (previously declared in /home/ubuntu/workspace/myweb/manage/manageadd.php:4) in /home/ubuntu/workspace/myweb/manage/manageadd.php on line 4
[21-Jul-2016 06:36:11 UTC] PHP Stack trace:
[21-Jul-2016 06:36:11 UTC] PHP   1. {main}() /home/ubuntu/workspace/myweb/manage/movie.php:0
[21-Jul-2016 06:36:11 UTC] PHP   2. include() /home/ubuntu/workspace/myweb/manage/movie.php:36
[21-Jul-2016 06:36:11 UTC] PHP Fatal error:  Cannot redeclare addmovie() (previously declared in /home/ubuntu/workspace/myweb/manage/manageadd.php:4) in /home/ubuntu/workspace/myweb/manage/manageadd.php on line 4
[21-Jul-2016 06:36:11 UTC] PHP Stack trace:
[21-Jul-2016 06:36:11 UTC] PHP   1. {main}() /home/ubuntu/workspace/myweb/manage/movie.php:0
[21-Jul-2016 06:36:11 UTC] PHP   2. include() /home/ubuntu/workspace/myweb/manage/movie.php:36
[21-Jul-2016 06:36:11 UTC] PHP Fatal error:  Cannot redeclare addmovie() (previously declared in /home/ubuntu/workspace/myweb/manage/manageadd.php:4) in /home/ubuntu/workspace/myweb/manage/manageadd.php on line 4
[21-Jul-2016 06:36:11 UTC] PHP Stack trace:
[21-Jul-2016 06:36:11 UTC] PHP   1. {main}() /home/ubuntu/workspace/myweb/manage/movie.php:0
[21-Jul-2016 06:36:11 UTC] PHP   2. include() /home/ubuntu/workspace/myweb/manage/movie.php:36
[21-Jul-2016 06:36:11 UTC] PHP Fatal error:  Cannot redeclare addmovie() (previously declared in /home/ubuntu/workspace/myweb/manage/manageadd.php:4) in /home/ubuntu/workspace/myweb/manage/manageadd.php on line 4
[21-Jul-2016 06:36:11 UTC] PHP Stack trace:
[21-Jul-2016 06:36:11 UTC] PHP   1. {main}() /home/ubuntu/workspace/myweb/manage/movie.php:0
[21-Jul-2016 06:36:11 UTC] PHP   2. include() /home/ubuntu/workspace/myweb/manage/movie.php:36
[21-Jul-2016 06:36:11 UTC] PHP Fatal error:  Cannot redeclare addmovie() (previously declared in /home/ubuntu/workspace/myweb/manage/manageadd.php:4) in /home/ubuntu/workspace/myweb/manage/manageadd.php on line 4
[21-Jul-2016 06:36:11 UTC] PHP Stack trace:
[21-Jul-2016 06:36:11 UTC] PHP   1. {main}() /home/ubuntu/workspace/myweb/manage/movie.php:0
[21-Jul-2016 06:36:11 UTC] PHP   2. include() /home/ubuntu/workspace/myweb/manage/movie.php:36
[21-Jul-2016 06:36:12 UTC] PHP Fatal error:  Cannot redeclare addmovie() (previously declared in /home/ubuntu/workspace/myweb/manage/manageadd.php:4) in /home/ubuntu/workspace/myweb/manage/manageadd.php on line 4
[21-Jul-2016 06:36:12 UTC] PHP Stack trace:
[21-Jul-2016 06:36:12 UTC] PHP   1. {main}() /home/ubuntu/workspace/myweb/manage/movie.php:0
[21-Jul-2016 06:36:12 UTC] PHP   2. include() /home/ubuntu/workspace/myweb/manage/movie.php:36
[21-Jul-2016 06:36:12 UTC] PHP Fatal error:  Cannot redeclare addmovie() (previously declared in /home/ubuntu/workspace/myweb/manage/manageadd.php:4) in /home/ubuntu/workspace/myweb/manage/manageadd.php on line 4
[21-Jul-2016 06:36:12 UTC] PHP Stack trace:
[21-Jul-2016 06:36:12 UTC] PHP   1. {main}() /home/ubuntu/workspace/myweb/manage/movie.php:0
[21-Jul-2016 06:36:12 UTC] PHP   2. include() /home/ubuntu/workspace/myweb/manage/movie.php:36
[21-Jul-2016 06:36:12 UTC] PHP Fatal error:  Cannot redeclare addmovie() (previously declared in /home/ubuntu/workspace/myweb/manage/manageadd.php:4) in /home/ubuntu/workspace/myweb/manage/manageadd.php on line 4
[21-Jul-2016 06:36:12 UTC] PHP Stack trace:
[21-Jul-2016 06:36:12 UTC] PHP   1. {main}() /home/ubuntu/workspace/myweb/manage/movie.php:0
[21-Jul-2016 06:36:12 UTC] PHP   2. include() /home/ubuntu/workspace/myweb/manage/movie.php:36
[21-Jul-2016 06:36:12 UTC] PHP Fatal error:  Cannot redeclare addmovie() (previously declared in /home/ubuntu/workspace/myweb/manage/manageadd.php:4) in /home/ubuntu/workspace/myweb/manage/manageadd.php on line 4
[21-Jul-2016 06:36:12 UTC] PHP Stack trace:
[21-Jul-2016 06:36:12 UTC] PHP   1. {main}() /home/ubuntu/workspace/myweb/manage/movie.php:0
[21-Jul-2016 06:36:12 UTC] PHP   2. include() /home/ubuntu/workspace/myweb/manage/movie.php:36
[21-Jul-2016 06:38:25 UTC] PHP Fatal error:  Cannot redeclare addmovie() (previously declared in /home/ubuntu/workspace/myweb/manage/manageadd.php:4) in /home/ubuntu/workspace/myweb/manage/manageadd.php on line 4
[21-Jul-2016 06:38:25 UTC] PHP Stack trace:
[21-Jul-2016 06:38:25 UTC] PHP   1. {main}() /home/ubuntu/workspace/myweb/manage/movie.php:0
[21-Jul-2016 06:38:25 UTC] PHP   2. require() /home/ubuntu/workspace/myweb/manage/movie.php:36
[21-Jul-2016 06:38:28 UTC] PHP Fatal error:  Cannot redeclare addmovie() (previously declared in /home/ubuntu/workspace/myweb/manage/manageadd.php:4) in /home/ubuntu/workspace/myweb/manage/manageadd.php on line 4
[21-Jul-2016 06:38:28 UTC] PHP Stack trace:
[21-Jul-2016 06:38:28 UTC] PHP   1. {main}() /home/ubuntu/workspace/myweb/manage/movie.php:0
[21-Jul-2016 06:38:28 UTC] PHP   2. require() /home/ubuntu/workspace/myweb/manage/movie.php:36
[21-Jul-2016 06:55:45 UTC] PHP Fatal error:  Call to undefined function findmovietimes() in /home/ubuntu/workspace/myweb/manage/movietimes.php on line 4
[21-Jul-2016 06:55:45 UTC] PHP Stack trace:
[21-Jul-2016 06:55:45 UTC] PHP   1. {main}() /home/ubuntu/workspace/myweb/manage/movietimes.php:0
[21-Jul-2016 07:03:44 UTC] PHP Fatal error:  Cannot redeclare addmovie() (previously declared in /home/ubuntu/workspace/myweb/manage/manageadd.php:4) in /home/ubuntu/workspace/myweb/manage/manageadd.php on line 4
[21-Jul-2016 07:03:44 UTC] PHP Stack trace:
[21-Jul-2016 07:03:44 UTC] PHP   1. {main}() /home/ubuntu/workspace/myweb/manage/movietimes.php:0
[21-Jul-2016 07:03:44 UTC] PHP   2. include() /home/ubuntu/workspace/myweb/manage/movietimes.php:37
[21-Jul-2016 07:17:51 UTC] PHP Warning:  Invalid argument supplied for foreach() in /home/ubuntu/workspace/myweb/manage/message.php on line 48
[21-Jul-2016 07:17:51 UTC] PHP Stack trace:
[21-Jul-2016 07:17:51 UTC] PHP   1. {main}() /home/ubuntu/workspace/myweb/manage/message.php:0
[21-Jul-2016 07:39:37 UTC] PHP Fatal error:  Cannot redeclare addmovie() (previously declared in /home/ubuntu/workspace/myweb/manage/manageadd.php:4) in /home/ubuntu/workspace/myweb/manage/manageadd.php on line 4
[21-Jul-2016 07:39:37 UTC] PHP Stack trace:
[21-Jul-2016 07:39:37 UTC] PHP   1. {main}() /home/ubuntu/workspace/myweb/manage/movie.php:0
[21-Jul-2016 07:39:37 UTC] PHP   2. require() /home/ubuntu/workspace/myweb/manage/movie.php:36
[21-Jul-2016 07:41:49 UTC] PHP Fatal error:  Cannot redeclare addmovie() (previously declared in /home/ubuntu/workspace/myweb/manage/manageadd.php:4) in /home/ubuntu/workspace/myweb/manage/manageadd.php on line 4
[21-Jul-2016 07:41:49 UTC] PHP Stack trace:
[21-Jul-2016 07:41:49 UTC] PHP   1. {main}() /home/ubuntu/workspace/myweb/manage/movietimes.php:0
[21-Jul-2016 07:41:54 UTC] PHP Fatal error:  Cannot redeclare addmovie() (previously declared in /home/ubuntu/workspace/myweb/manage/manageadd.php:4) in /home/ubuntu/workspace/myweb/manage/manageadd.php on line 4
[21-Jul-2016 07:41:54 UTC] PHP Stack trace:
[21-Jul-2016 07:41:54 UTC] PHP   1. {main}() /home/ubuntu/workspace/myweb/manage/movietimes.php:0
[21-Jul-2016 07:42:16 UTC] PHP Fatal error:  Cannot redeclare addmovie() (previously declared in /home/ubuntu/workspace/myweb/manage/manageadd.php:4) in /home/ubuntu/workspace/myweb/manage/manageadd.php on line 4
[21-Jul-2016 07:42:16 UTC] PHP Stack trace:
[21-Jul-2016 07:42:16 UTC] PHP   1. {main}() /home/ubuntu/workspace/myweb/manage/movietimes.php:0
[21-Jul-2016 07:42:17 UTC] PHP Fatal error:  Cannot redeclare addmovie() (previously declared in /home/ubuntu/workspace/myweb/manage/manageadd.php:4) in /home/ubuntu/workspace/myweb/manage/manageadd.php on line 4
[21-Jul-2016 07:42:17 UTC] PHP Stack trace:
[21-Jul-2016 07:42:17 UTC] PHP   1. {main}() /home/ubuntu/workspace/myweb/manage/movietimes.php:0
[21-Jul-2016 07:43:29 UTC] PHP Fatal error:  Cannot redeclare addmovie() (previously declared in /home/ubuntu/workspace/myweb/manage/manageadd.php:4) in /home/ubuntu/workspace/myweb/manage/manageadd.php on line 4
[21-Jul-2016 07:43:29 UTC] PHP Stack trace:
[21-Jul-2016 07:43:29 UTC] PHP   1. {main}() /home/ubuntu/workspace/myweb/manage/movietimes.php:0
[21-Jul-2016 07:44:10 UTC] PHP Fatal error:  Cannot redeclare addmovie() (previously declared in /home/ubuntu/workspace/myweb/manage/manageadd.php:4) in /home/ubuntu/workspace/myweb/manage/manageadd.php on line 4
[21-Jul-2016 07:44:10 UTC] PHP Stack trace:
[21-Jul-2016 07:44:10 UTC] PHP   1. {main}() /home/ubuntu/workspace/myweb/manage/movietimes.php:0
[21-Jul-2016 07:46:40 UTC] PHP Fatal error:  Cannot redeclare addmovie() (previously declared in /home/ubuntu/workspace/myweb/manage/manageadd.php:4) in /home/ubuntu/workspace/myweb/manage/manageadd.php on line 4
[21-Jul-2016 07:46:40 UTC] PHP Stack trace:
[21-Jul-2016 07:46:40 UTC] PHP   1. {main}() /home/ubuntu/workspace/myweb/manage/movietimes.php:0
[21-Jul-2016 07:46:44 UTC] PHP Fatal error:  Cannot redeclare addmovie() (previously declared in /home/ubuntu/workspace/myweb/manage/manageadd.php:4) in /home/ubuntu/workspace/myweb/manage/manageadd.php on line 4
[21-Jul-2016 07:46:44 UTC] PHP Stack trace:
[21-Jul-2016 07:46:44 UTC] PHP   1. {main}() /home/ubuntu/workspace/myweb/manage/movietimes.php:0
[21-Jul-2016 07:46:49 UTC] PHP Fatal error:  Cannot redeclare addmovie() (previously declared in /home/ubuntu/workspace/myweb/manage/manageadd.php:4) in /home/ubuntu/workspace/myweb/manage/manageadd.php on line 4
[21-Jul-2016 07:46:49 UTC] PHP Stack trace:
[21-Jul-2016 07:46:49 UTC] PHP   1. {main}() /home/ubuntu/workspace/myweb/manage/movietimes.php:0
[21-Jul-2016 07:46:49 UTC] PHP Fatal error:  Cannot redeclare addmovie() (previously declared in /home/ubuntu/workspace/myweb/manage/manageadd.php:4) in /home/ubuntu/workspace/myweb/manage/manageadd.php on line 4
[21-Jul-2016 07:46:49 UTC] PHP Stack trace:
[21-Jul-2016 07:46:49 UTC] PHP   1. {main}() /home/ubuntu/workspace/myweb/manage/movietimes.php:0
[21-Jul-2016 08:15:09 UTC] PHP Fatal error:  Cannot redeclare addmovie() (previously declared in /home/ubuntu/workspace/myweb/manage/manageadd.php:4) in /home/ubuntu/workspace/myweb/manage/manageadd.php on line 4
[21-Jul-2016 08:15:09 UTC] PHP Stack trace:
[21-Jul-2016 08:15:09 UTC] PHP   1. {main}() /home/ubuntu/workspace/myweb/manage/movietimes.php:0
[21-Jul-2016 08:21:53 UTC] PHP Fatal error:  Call to undefined function logout() in /home/ubuntu/workspace/myweb/manage/message.php on line 66
[21-Jul-2016 08:21:53 UTC] PHP Stack trace:
[21-Jul-2016 08:21:53 UTC] PHP   1. {main}() /home/ubuntu/workspace/myweb/manage/message.php:0
[21-Jul-2016 08:29:42 UTC] PHP Fatal error:  Call to undefined function signout() in /home/ubuntu/workspace/myweb/manage/message.php on line 70
[21-Jul-2016 08:29:42 UTC] PHP Stack trace:
[21-Jul-2016 08:29:42 UTC] PHP   1. {main}() /home/ubuntu/workspace/myweb/manage/message.php:0
[21-Jul-2016 08:30:40 UTC] PHP Parse error:  syntax error, unexpected ')', expecting '{' in /home/ubuntu/workspace/myweb/manage/message.php on line 10
[21-Jul-2016 08:31:15 UTC] PHP Parse error:  syntax error, unexpected ')', expecting '{' in /home/ubuntu/workspace/myweb/manage/logout.php on line 5
[21-Jul-2016 08:31:15 UTC] PHP Stack trace:
[21-Jul-2016 08:31:15 UTC] PHP   1. {main}() /home/ubuntu/workspace/myweb/manage/message.php:0
[21-Jul-2016 08:50:25 UTC] PHP Fatal error:  Cannot redeclare addmovie() (previously declared in /home/ubuntu/workspace/myweb/manage/manageadd.php:4) in /home/ubuntu/workspace/myweb/manage/manageadd.php on line 4
[21-Jul-2016 08:50:25 UTC] PHP Stack trace:
[21-Jul-2016 08:50:25 UTC] PHP   1. {main}() /home/ubuntu/workspace/myweb/manage/movietimes.php:0
[21-Jul-2016 08:52:43 UTC] PHP Warning:  require(addmanage.php): failed to open stream: No such file or directory in /home/ubuntu/workspace/myweb/manage/movietimes.php on line 38
[21-Jul-2016 08:52:43 UTC] PHP Stack trace:
[21-Jul-2016 08:52:43 UTC] PHP   1. {main}() /home/ubuntu/workspace/myweb/manage/movietimes.php:0
[21-Jul-2016 08:52:43 UTC] PHP Fatal error:  require(): Failed opening required 'addmanage.php' (include_path='.:/usr/share/php:/usr/share/pear') in /home/ubuntu/workspace/myweb/manage/movietimes.php on line 38
[21-Jul-2016 08:52:43 UTC] PHP Stack trace:
[21-Jul-2016 08:52:43 UTC] PHP   1. {main}() /home/ubuntu/workspace/myweb/manage/movietimes.php:0
[21-Jul-2016 08:53:02 UTC] PHP Warning:  require(addmanage.php): failed to open stream: No such file or directory in /home/ubuntu/workspace/myweb/manage/movietimes.php on line 38
[21-Jul-2016 08:53:02 UTC] PHP Stack trace:
[21-Jul-2016 08:53:02 UTC] PHP   1. {main}() /home/ubuntu/workspace/myweb/manage/movietimes.php:0
[21-Jul-2016 08:53:02 UTC] PHP Fatal error:  require(): Failed opening required 'addmanage.php' (include_path='.:/usr/share/php:/usr/share/pear') in /home/ubuntu/workspace/myweb/manage/movietimes.php on line 38
[21-Jul-2016 08:53:02 UTC] PHP Stack trace:
[21-Jul-2016 08:53:02 UTC] PHP   1. {main}() /home/ubuntu/workspace/myweb/manage/movietimes.php:0
[21-Jul-2016 08:53:21 UTC] PHP Warning:  require(addmanage.php): failed to open stream: No such file or directory in /home/ubuntu/workspace/myweb/manage/movietimes.php on line 38
[21-Jul-2016 08:53:21 UTC] PHP Stack trace:
[21-Jul-2016 08:53:21 UTC] PHP   1. {main}() /home/ubuntu/workspace/myweb/manage/movietimes.php:0
[21-Jul-2016 08:53:21 UTC] PHP Fatal error:  require(): Failed opening required 'addmanage.php' (include_path='.:/usr/share/php:/usr/share/pear') in /home/ubuntu/workspace/myweb/manage/movietimes.php on line 38
[21-Jul-2016 08:53:21 UTC] PHP Stack trace:
[21-Jul-2016 08:53:21 UTC] PHP   1. {main}() /home/ubuntu/workspace/myweb/manage/movietimes.php:0
